<?xml version="1.0" encoding="UTF-8"?>
<testng-results ignored="0" total="1" passed="1" failed="0" skipped="0">
  <reporter-output>
  </reporter-output>
  <suite started-at="2022-07-26T21:15:29Z" name="Default suite" finished-at="2022-07-26T21:15:33Z" duration-ms="3620">
    <groups>
    </groups>
    <test started-at="2022-07-26T21:15:29Z" name="Default test" finished-at="2022-07-26T21:15:33Z" duration-ms="3620">
      <class name="com.google.MainTests">
        <test-method is-config="true" signature="beforeTest()[pri:0, instance:com.google.MainTests@73302995]" started-at="2022-07-26T21:15:29Z" name="beforeTest" finished-at="2022-07-26T21:15:29Z" duration-ms="7" status="PASS">
          <reporter-output>
          </reporter-output>
        </test-method> <!-- beforeTest -->
        <test-method signature="f()[pri:0, instance:com.google.MainTests@73302995]" started-at="2022-07-26T21:15:29Z" name="f" finished-at="2022-07-26T21:15:33Z" duration-ms="3600" status="PASS">
          <reporter-output>
          </reporter-output>
        </test-method> <!-- f -->
        <test-method is-config="true" signature="afterTest()[pri:0, instance:com.google.MainTests@73302995]" started-at="2022-07-26T21:15:33Z" name="afterTest" finished-at="2022-07-26T21:15:33Z" duration-ms="1" status="PASS">
          <reporter-output>
          </reporter-output>
        </test-method> <!-- afterTest -->
      </class> <!-- com.google.MainTests -->
    </test> <!-- Default test -->
  </suite> <!-- Default suite -->
</testng-results>
